This is pdfTeX, Version 3.14159265-2.6-1.40.19 (MiKTeX 2.9.6930 64-bit) (preloaded format=pdflatex 2019.1.27)  8 FEB 2019 15:02
entering extended mode
**./Szakdoga_main.tex
(Szakdoga_main.tex
LaTeX2e <2018-12-01>
("C:\Users\Oliver\AppData\Local\Programs\MiKTeX 2.9\tex/latex/base\report.cls"
Document Class: report 2018/09/03 v1.4i Standard LaTeX document class
("C:\Users\Oliver\AppData\Local\Programs\MiKTeX 2.9\tex/latex/base\size12.clo"
File: size12.clo 2018/09/03 v1.4i Standard LaTeX file (size option)
)
\c@part=\count80
\c@chapter=\count81
\c@section=\count82
\c@subsection=\count83
\c@subsubsection=\count84
\c@paragraph=\count85
\c@subparagraph=\count86
\c@figure=\count87
\c@table=\count88
\abovecaptionskip=\skip41
\belowcaptionskip=\skip42
\bibindent=\dimen102
)
("C:\Users\Oliver\AppData\Local\Programs\MiKTeX 2.9\tex/generic/babel\babel.sty
"
Package: babel 2018/11/13 3.27 The Babel package

("C:\Users\Oliver\AppData\Local\Programs\MiKTeX 2.9\tex/generic/babel\switch.de
f"
File: switch.def 2018/11/13 3.27 Babel switching mechanism
)
*************************************
* Local config file bblopts.cfg used
*
("C:\Users\Oliver\AppData\Local\Programs\MiKTeX 2.9\tex/latex/arabi\bblopts.cfg
"
File: bblopts.cfg 2005/09/08 v0.1 add Arabic and Farsi to "declared" options of
 babel
)
("C:\Users\Oliver\AppData\Local\Programs\MiKTeX 2.9\tex/latex/babel-hungarian\m
agyar.ldf"
Language: magyar 2019/01/14 v1.5c Magyar (Hungarian) support for babel

("C:\Users\Oliver\AppData\Local\Programs\MiKTeX 2.9\tex/generic/babel\babel.def
"
File: babel.def 2018/11/13 3.27 Babel common definitions
\babel@savecnt=\count89
\U@D=\dimen103

("C:\Users\Oliver\AppData\Local\Programs\MiKTeX 2.9\tex/generic/babel\txtbabel.
def")
\bbl@dirlevel=\count90
)
Package babel Info: Making ` an active character on input line 2819.
\c@footnote@add=\count91
\c@footnote@ch=\count92
))
("C:\Users\Oliver\AppData\Local\Programs\MiKTeX 2.9\tex/latex/base\inputenc.sty
"
Package: inputenc 2018/08/11 v1.3c Input encoding file
\inpenc@prehook=\toks14
\inpenc@posthook=\toks15
)
("C:\Users\Oliver\AppData\Local\Programs\MiKTeX 2.9\tex/latex/pdfpages\pdfpages
.sty"
Package: pdfpages 2017/10/31 v0.5l Insert pages of external PDF documents (AM)

("C:\Users\Oliver\AppData\Local\Programs\MiKTeX 2.9\tex/latex/base\ifthen.sty"
Package: ifthen 2014/09/29 v1.1c Standard LaTeX ifthen package (DPC)
) ("C:\Users\Oliver\AppData\Local\Programs\MiKTeX 2.9\tex/latex/tools\calc.sty"
Package: calc 2017/05/25 v4.3 Infix arithmetic (KKT,FJ)
\calc@Acount=\count93
\calc@Bcount=\count94
\calc@Adimen=\dimen104
\calc@Bdimen=\dimen105
\calc@Askip=\skip43
\calc@Bskip=\skip44
LaTeX Info: Redefining \setlength on input line 80.
LaTeX Info: Redefining \addtolength on input line 81.
\calc@Ccount=\count95
\calc@Cskip=\skip45
)
("C:\Users\Oliver\AppData\Local\Programs\MiKTeX 2.9\tex/latex/eso-pic\eso-pic.s
ty"
Package: eso-pic 2018/04/12 v2.0h eso-pic (RN)

("C:\Users\Oliver\AppData\Local\Programs\MiKTeX 2.9\tex/generic/oberdiek\atbegs
hi.sty"
Package: atbegshi 2016/06/09 v1.18 At begin shipout hook (HO)

("C:\Users\Oliver\AppData\Local\Programs\MiKTeX 2.9\tex/generic/oberdiek\infwar
err.sty"
Package: infwarerr 2016/05/16 v1.4 Providing info/warning/error messages (HO)
)
("C:\Users\Oliver\AppData\Local\Programs\MiKTeX 2.9\tex/generic/oberdiek\ltxcmd
s.sty"
Package: ltxcmds 2016/05/16 v1.23 LaTeX kernel commands for general use (HO)
)
("C:\Users\Oliver\AppData\Local\Programs\MiKTeX 2.9\tex/generic/oberdiek\ifpdf.
sty"
Package: ifpdf 2018/09/07 v3.3 Provides the ifpdf switch
))
("C:\Users\Oliver\AppData\Local\Programs\MiKTeX 2.9\tex/latex/graphics\keyval.s
ty"
Package: keyval 2014/10/28 v1.15 key=value parser (DPC)
\KV@toks@=\toks16
)
("C:\Users\Oliver\AppData\Local\Programs\MiKTeX 2.9\tex/latex/xcolor\xcolor.sty
"
Package: xcolor 2016/05/11 v2.12 LaTeX color extensions (UK)

("C:\Users\Oliver\AppData\Local\Programs\MiKTeX 2.9\tex/latex/graphics-cfg\colo
r.cfg"
File: color.cfg 2016/01/02 v1.6 sample color configuration
)
Package xcolor Info: Driver file: pdftex.def on input line 225.

("C:\Users\Oliver\AppData\Local\Programs\MiKTeX 2.9\tex/latex/graphics-def\pdft
ex.def"
File: pdftex.def 2018/01/08 v1.0l Graphics/color driver for pdftex
)
Package xcolor Info: Model `cmy' substituted by `cmy0' on input line 1348.
Package xcolor Info: Model `hsb' substituted by `rgb' on input line 1352.
Package xcolor Info: Model `RGB' extended on input line 1364.
Package xcolor Info: Model `HTML' substituted by `rgb' on input line 1366.
Package xcolor Info: Model `Hsb' substituted by `hsb' on input line 1367.
Package xcolor Info: Model `tHsb' substituted by `hsb' on input line 1368.
Package xcolor Info: Model `HSB' substituted by `hsb' on input line 1369.
Package xcolor Info: Model `Gray' substituted by `gray' on input line 1370.
Package xcolor Info: Model `wave' substituted by `hsb' on input line 1371.
))
("C:\Users\Oliver\AppData\Local\Programs\MiKTeX 2.9\tex/latex/graphics\graphicx
.sty"
Package: graphicx 2017/06/01 v1.1a Enhanced LaTeX Graphics (DPC,SPQR)

("C:\Users\Oliver\AppData\Local\Programs\MiKTeX 2.9\tex/latex/graphics\graphics
.sty"
Package: graphics 2017/06/25 v1.2c Standard LaTeX Graphics (DPC,SPQR)

("C:\Users\Oliver\AppData\Local\Programs\MiKTeX 2.9\tex/latex/graphics\trig.sty
"
Package: trig 2016/01/03 v1.10 sin cos tan (DPC)
)
("C:\Users\Oliver\AppData\Local\Programs\MiKTeX 2.9\tex/latex/graphics-cfg\grap
hics.cfg"
File: graphics.cfg 2016/06/04 v1.11 sample graphics configuration
)
Package graphics Info: Driver file: pdftex.def on input line 99.
)
\Gin@req@height=\dimen106
\Gin@req@width=\dimen107
)
\AM@pagewidth=\dimen108
\AM@pageheight=\dimen109

("C:\Users\Oliver\AppData\Local\Programs\MiKTeX 2.9\tex/latex/pdfpages\pppdftex
.def"
File: pppdftex.def 2017/10/31 v0.5l Pdfpages driver for pdfTeX (AM)
)
\AM@pagebox=\box27
\AM@global@opts=\toks17
\AM@toc@title=\toks18
\c@AM@survey=\count96
\AM@templatesizebox=\box28
)
("C:\Users\Oliver\AppData\Local\Programs\MiKTeX 2.9\tex/latex/psnfss\mathptmx.s
ty"
Package: mathptmx 2005/04/12 PSNFSS-v9.2a Times w/ Math, improved (SPQR, WaS) 
LaTeX Font Info:    Redeclaring symbol font `operators' on input line 28.
LaTeX Font Info:    Overwriting symbol font `operators' in version `normal'
(Font)                  OT1/cmr/m/n --> OT1/ztmcm/m/n on input line 28.
LaTeX Font Info:    Overwriting symbol font `operators' in version `bold'
(Font)                  OT1/cmr/bx/n --> OT1/ztmcm/m/n on input line 28.
LaTeX Font Info:    Redeclaring symbol font `letters' on input line 29.
LaTeX Font Info:    Overwriting symbol font `letters' in version `normal'
(Font)                  OML/cmm/m/it --> OML/ztmcm/m/it on input line 29.
LaTeX Font Info:    Overwriting symbol font `letters' in version `bold'
(Font)                  OML/cmm/b/it --> OML/ztmcm/m/it on input line 29.
LaTeX Font Info:    Redeclaring symbol font `symbols' on input line 30.
LaTeX Font Info:    Overwriting symbol font `symbols' in version `normal'
(Font)                  OMS/cmsy/m/n --> OMS/ztmcm/m/n on input line 30.
LaTeX Font Info:    Overwriting symbol font `symbols' in version `bold'
(Font)                  OMS/cmsy/b/n --> OMS/ztmcm/m/n on input line 30.
LaTeX Font Info:    Redeclaring symbol font `largesymbols' on input line 31.
LaTeX Font Info:    Overwriting symbol font `largesymbols' in version `normal'
(Font)                  OMX/cmex/m/n --> OMX/ztmcm/m/n on input line 31.
LaTeX Font Info:    Overwriting symbol font `largesymbols' in version `bold'
(Font)                  OMX/cmex/m/n --> OMX/ztmcm/m/n on input line 31.
\symbold=\mathgroup4
\symitalic=\mathgroup5
LaTeX Font Info:    Redeclaring math alphabet \mathbf on input line 34.
LaTeX Font Info:    Overwriting math alphabet `\mathbf' in version `normal'
(Font)                  OT1/cmr/bx/n --> OT1/ptm/bx/n on input line 34.
LaTeX Font Info:    Overwriting math alphabet `\mathbf' in version `bold'
(Font)                  OT1/cmr/bx/n --> OT1/ptm/bx/n on input line 34.
LaTeX Font Info:    Redeclaring math alphabet \mathit on input line 35.
LaTeX Font Info:    Overwriting math alphabet `\mathit' in version `normal'
(Font)                  OT1/cmr/m/it --> OT1/ptm/m/it on input line 35.
LaTeX Font Info:    Overwriting math alphabet `\mathit' in version `bold'
(Font)                  OT1/cmr/bx/it --> OT1/ptm/m/it on input line 35.
LaTeX Info: Redefining \hbar on input line 50.
) (Szakdoga_main.aux)
\openout1 = `Szakdoga_main.aux'.

LaTeX Font Info:    Checking defaults for OML/cmm/m/it on input line 10.
LaTeX Font Info:    ... okay on input line 10.
LaTeX Font Info:    Checking defaults for T1/cmr/m/n on input line 10.
LaTeX Font Info:    ... okay on input line 10.
LaTeX Font Info:    Checking defaults for OT1/cmr/m/n on input line 10.
LaTeX Font Info:    ... okay on input line 10.
LaTeX Font Info:    Checking defaults for OMS/cmsy/m/n on input line 10.
LaTeX Font Info:    ... okay on input line 10.
LaTeX Font Info:    Checking defaults for OMX/cmex/m/n on input line 10.
LaTeX Font Info:    ... okay on input line 10.
LaTeX Font Info:    Checking defaults for U/cmr/m/n on input line 10.
LaTeX Font Info:    ... okay on input line 10.
LaTeX Font Info:    Try loading font information for OT1+ptm on input line 10.

("C:\Users\Oliver\AppData\Local\Programs\MiKTeX 2.9\tex/latex/psnfss\ot1ptm.fd"
File: ot1ptm.fd 2001/06/04 font definitions for OT1/ptm.
)

LaTeX Warning: Please use \usepackage{t1enc} with
               \usepackage[magyar]{babel}, to get accented chars hyphenated.

\AtBeginShipoutBox=\box29

("C:\Users\Oliver\AppData\Local\Programs\MiKTeX 2.9\tex/context/base\supp-pdf.m
kii"
[Loading MPS to PDF converter (version 2006.09.02).]
\scratchcounter=\count97
\scratchdimen=\dimen110
\scratchbox=\box30
\nofMPsegments=\count98
\nofMParguments=\count99
\everyMPshowfont=\toks19
\MPscratchCnt=\count100
\MPscratchDim=\dimen111
\MPnumerator=\count101
\makeMPintoPDFobject=\count102
\everyMPtoPDFconversion=\toks20
)
("C:\Users\Oliver\AppData\Local\Programs\MiKTeX 2.9\tex/latex/oberdiek\epstopdf
-base.sty"
Package: epstopdf-base 2016/05/15 v2.6 Base part for package epstopdf

("C:\Users\Oliver\AppData\Local\Programs\MiKTeX 2.9\tex/latex/oberdiek\grfext.s
ty"
Package: grfext 2016/05/16 v1.2 Manage graphics extensions (HO)

("C:\Users\Oliver\AppData\Local\Programs\MiKTeX 2.9\tex/generic/oberdiek\kvdefi
nekeys.sty"
Package: kvdefinekeys 2016/05/16 v1.4 Define keys (HO)
))
("C:\Users\Oliver\AppData\Local\Programs\MiKTeX 2.9\tex/latex/oberdiek\kvoption
s.sty"
Package: kvoptions 2016/05/16 v3.12 Key value format for package options (HO)

("C:\Users\Oliver\AppData\Local\Programs\MiKTeX 2.9\tex/generic/oberdiek\kvsetk
eys.sty"
Package: kvsetkeys 2016/05/16 v1.17 Key value parser (HO)

("C:\Users\Oliver\AppData\Local\Programs\MiKTeX 2.9\tex/generic/oberdiek\etexcm
ds.sty"
Package: etexcmds 2016/05/16 v1.6 Avoid name clashes with e-TeX commands (HO)

("C:\Users\Oliver\AppData\Local\Programs\MiKTeX 2.9\tex/generic/oberdiek\ifluat
ex.sty"
Package: ifluatex 2016/05/16 v1.4 Provides the ifluatex switch (HO)
Package ifluatex Info: LuaTeX not detected.
))))
("C:\Users\Oliver\AppData\Local\Programs\MiKTeX 2.9\tex/generic/oberdiek\pdftex
cmds.sty"
Package: pdftexcmds 2018/09/10 v0.29 Utility functions of pdfTeX for LuaTeX (HO
)
Package pdftexcmds Info: LuaTeX not detected.
Package pdftexcmds Info: \pdf@primitive is available.
Package pdftexcmds Info: \pdf@ifprimitive is available.
Package pdftexcmds Info: \pdfdraftmode found.
)
Package epstopdf-base Info: Redefining graphics rule for `.eps' on input line 4
38.
Package grfext Info: Graphics extension search list:
(grfext)             [.pdf,.png,.jpg,.mps,.jpeg,.jbig2,.jb2,.PDF,.PNG,.JPG,.JPE
G,.JBIG2,.JB2,.eps]
(grfext)             \AppendGraphicsExtensions on input line 456.
)
("C:\Users\Oliver\AppData\Local\Programs\MiKTeX 2.9\tex/latex/oberdiek\pdflscap
e.sty"
Package: pdflscape 2016/05/14 v0.11 Display of landscape pages in PDF (HO)

("C:\Users\Oliver\AppData\Local\Programs\MiKTeX 2.9\tex/latex/graphics\lscape.s
ty"
Package: lscape 2000/10/22 v3.01 Landscape Pages (DPC)
)
Package pdflscape Info: Auto-detected driver: pdftex on input line 81.

("C:\Users\Oliver\AppData\Local\Programs\MiKTeX 2.9\tex/generic/ifxetex\ifxetex
.sty"
Package: ifxetex 2010/09/12 v0.6 Provides ifxetex conditional
))
\big@size=\dimen112

("C:\Users\Oliver\AppData\Local\Programs\MiKTeX 2.9\tex/latex/base\report.cls"
LaTeX Info: Redefining \cal on input line 576.
LaTeX Info: Redefining \mit on input line 577.
)

pdfTeX warning: pdflatex (file ./eleje.pdf): PDF inclusion: found PDF version <
1.7>, but at most version <1.5> allowed
<eleje.pdf, id=1, 597.55246pt x 845.07718pt>
File: eleje.pdf Graphic file (type pdf)
<use eleje.pdf>
Package pdftex.def Info: eleje.pdf  used on input line 12.
(pdftex.def)             Requested size: 597.551pt x 845.07512pt.


pdfTeX warning: pdflatex (file ./eleje.pdf): PDF inclusion: found PDF version <
1.7>, but at most version <1.5> allowed
File: eleje.pdf Graphic file (type pdf)
<use eleje.pdf>
Package pdftex.def Info: eleje.pdf  used on input line 12.
(pdftex.def)             Requested size: 597.551pt x 845.07512pt.


pdfTeX warning: pdflatex (file ./eleje.pdf): PDF inclusion: found PDF version <
1.7>, but at most version <1.5> allowed


pdfTeX warning: pdflatex (file ./eleje.pdf): PDF inclusion: found PDF version <
1.7>, but at most version <1.5> allowed
<eleje.pdf, id=4, page=1, 597.55246pt x 845.07718pt>
File: eleje.pdf Graphic file (type pdf)
<use eleje.pdf, page 1>
Package pdftex.def Info: eleje.pdf , page1 used on input line 12.
(pdftex.def)             Requested size: 597.551pt x 845.07512pt.
File: eleje.pdf Graphic file (type pdf)
<use eleje.pdf, page 1>
Package pdftex.def Info: eleje.pdf , page1 used on input line 12.
(pdftex.def)             Requested size: 562.1644pt x 795.0303pt.
File: eleje.pdf Graphic file (type pdf)
<use eleje.pdf, page 1>
Package pdftex.def Info: eleje.pdf , page1 used on input line 12.
(pdftex.def)             Requested size: 562.1644pt x 795.0303pt.
File: eleje.pdf Graphic file (type pdf)
<use eleje.pdf, page 1>
Package pdftex.def Info: eleje.pdf , page1 used on input line 12.
(pdftex.def)             Requested size: 562.1644pt x 795.0303pt.
File: eleje.pdf Graphic file (type pdf)
<use eleje.pdf, page 1>
Package pdftex.def Info: eleje.pdf , page1 used on input line 12.
(pdftex.def)             Requested size: 562.1644pt x 795.0303pt.
[1


 <./eleje.pdf>]

pdfTeX warning: pdflatex (file ./eleje.pdf): PDF inclusion: found PDF version <
1.7>, but at most version <1.5> allowed
<eleje.pdf, id=35, page=2, 597.55246pt x 845.07718pt>
File: eleje.pdf Graphic file (type pdf)
<use eleje.pdf, page 2>
Package pdftex.def Info: eleje.pdf , page2 used on input line 12.
(pdftex.def)             Requested size: 562.1644pt x 795.0303pt.
File: eleje.pdf Graphic file (type pdf)
<use eleje.pdf, page 2>
Package pdftex.def Info: eleje.pdf , page2 used on input line 12.
(pdftex.def)             Requested size: 562.1644pt x 795.0303pt.
File: eleje.pdf Graphic file (type pdf)
<use eleje.pdf, page 2>
Package pdftex.def Info: eleje.pdf , page2 used on input line 12.
(pdftex.def)             Requested size: 562.1644pt x 795.0303pt.
[2 <./eleje.pdf>]

pdfTeX warning: pdflatex (file ./eleje.pdf): PDF inclusion: found PDF version <
1.7>, but at most version <1.5> allowed
<eleje.pdf, id=48, page=3, 597.55246pt x 845.07718pt>
File: eleje.pdf Graphic file (type pdf)
<use eleje.pdf, page 3>
Package pdftex.def Info: eleje.pdf , page3 used on input line 12.
(pdftex.def)             Requested size: 562.1644pt x 795.0303pt.
File: eleje.pdf Graphic file (type pdf)
<use eleje.pdf, page 3>
Package pdftex.def Info: eleje.pdf , page3 used on input line 12.
(pdftex.def)             Requested size: 562.1644pt x 795.0303pt.
File: eleje.pdf Graphic file (type pdf)
<use eleje.pdf, page 3>
Package pdftex.def Info: eleje.pdf , page3 used on input line 12.
(pdftex.def)             Requested size: 562.1644pt x 795.0303pt.
[3 <./eleje.pdf>]

pdfTeX warning: pdflatex (file ./eleje.pdf): PDF inclusion: found PDF version <
1.7>, but at most version <1.5> allowed
<eleje.pdf, id=53, page=4, 597.55246pt x 845.07718pt>
File: eleje.pdf Graphic file (type pdf)
<use eleje.pdf, page 4>
Package pdftex.def Info: eleje.pdf , page4 used on input line 12.
(pdftex.def)             Requested size: 562.1644pt x 795.0303pt.
File: eleje.pdf Graphic file (type pdf)
<use eleje.pdf, page 4>
Package pdftex.def Info: eleje.pdf , page4 used on input line 12.
(pdftex.def)             Requested size: 562.1644pt x 795.0303pt.
File: eleje.pdf Graphic file (type pdf)
<use eleje.pdf, page 4>
Package pdftex.def Info: eleje.pdf , page4 used on input line 12.
(pdftex.def)             Requested size: 562.1644pt x 795.0303pt.
[4 <./eleje.pdf>]
LaTeX Font Info:    Font shape `OT1/ptm/bx/n' in size <24.88> not available
(Font)              Font shape `OT1/ptm/b/n' tried instead on input line 13.
 (Szakdoga_main.toc
LaTeX Font Info:    Font shape `OT1/ptm/bx/n' in size <12> not available
(Font)              Font shape `OT1/ptm/b/n' tried instead on input line 1.
)
\tf@toc=\write3
\openout3 = `Szakdoga_main.toc'.

 [5

{C:/Users/Oliver/AppData/Local/MiKTeX/2.9/pdftex/config/pdftex.map}]
1. fejezet.
[1

]
2. fejezet.
[2

]
3. fejezet.
[3

]
4. fejezet.
[4

]
5. fejezet.
[5

]
6. fejezet.
[6

]
7. fejezet.
[7

]
8. fejezet.
[8

] (Szakdoga_main.aux) ) 
Here is how much of TeX's memory you used:
 4320 strings out of 492946
 68606 string characters out of 3125822
 149140 words of memory out of 3000000
 8158 multiletter control sequences out of 15000+200000
 9282 words of font info for 22 fonts, out of 3000000 for 9000
 1141 hyphenation exceptions out of 8191
 41i,18n,46p,282b,436s stack positions out of 5000i,500n,10000p,200000b,50000s
{C:/Users/Oliver/AppData/Local/Programs/MiKTeX 2.9/fonts
/enc/dvips/base/8r.enc}<C:/Users/Oliver/AppData/Local/Programs/MiKTeX 2.9/fonts
/type1/urw/times/utmb8a.pfb><C:/Users/Oliver/AppData/Local/Programs/MiKTeX 2.9/
fonts/type1/urw/times/utmr8a.pfb>
Output written on Szakdoga_main.pdf (13 pages, 150906 bytes).
PDF statistics:
 98 PDF objects out of 1000 (max. 8388607)
 0 named destinations out of 1000 (max. 500000)
 36 words of extra memory for PDF output out of 10000 (max. 10000000)

